checking build system type... x86_64-unknown-linux-gnu
checking host system type... x86_64-unknown-linux-gnu
checking target system type... x86_64-unknown-linux-gnu
checking for a BSD-compatible install... /usr/bin/install -c
checking whether build environment is sane... yes
checking for a thread-safe mkdir -p... /bin/mkdir -p
checking for gawk... gawk
checking whether make sets $(MAKE)... yes
checking whether make supports nested variables... yes
checking for style of include used by make... GNU
checking for C++ compiler default output file name... a.out
checking whether the C++ compiler works... yes
checking whether we are cross compiling... no
checking for suffix of executables... 
checking for suffix of object files... o
checking whether we are using the GNU C++ compiler... yes
checking whether /opt/MVAPICH2-gcc/2.1/bin/mpicxx accepts -g... yes
checking dependency style of /opt/MVAPICH2-gcc/2.1/bin/mpicxx... gcc3
checking whether we are using the GNU C compiler... yes
checking whether /opt/MVAPICH2-gcc/2.1/bin/mpicc accepts -g... yes
checking for /opt/MVAPICH2-gcc/2.1/bin/mpicc option to accept ISO C89... none needed
checking dependency style of /opt/MVAPICH2-gcc/2.1/bin/mpicc... gcc3
checking whether /opt/MVAPICH2-gcc/2.1/bin/mpicc and cc understand -c and -o together... yes
checking for ranlib... ranlib
checking for a thread-safe mkdir -p... /bin/mkdir -p
checking how to run the C preprocessor... /opt/MVAPICH2-gcc/2.1/bin/mpicc -E
checking for grep that handles long lines and -e... /bin/grep
checking for egrep... /bin/grep -E
checking for ANSI C header files... yes
checking for sys/types.h... yes
checking for sys/stat.h... yes
checking for stdlib.h... yes
checking for string.h... yes
checking for memory.h... yes
checking for strings.h... yes
checking for inttypes.h... yes
checking for stdint.h... yes
checking for unistd.h... yes
checking size of short int... 2
checking size of int... 4
checking size of unsigned int... 4
checking size of long int... 8
checking size of float... 4
checking size of double... 8
checking size of void *... 8
checking X11/Intrinsic.h usability... yes
checking X11/Intrinsic.h presence... yes
checking for X11/Intrinsic.h... yes
checking size of void *... (cached) 8
<<< Configuring library with Tecplot TecIO support >>>
<<< Configuring library with Metis support >>>
checking for thread local storage (TLS) class... __thread
<<< Configuring library with Parmetis support >>>
checking for /opt/CGNS/3.1.4/lib/libcgns.a... yes
checking for /opt/CGNS/3.1.4/include/cgnslib.h... yes
checking for ../externals/codi/include/codi.hpp... yes
checking that generated files are newer than configure... done
configure: creating ./config.status
config.status: creating externals/tecio/Makefile
config.status: creating externals/metis/Makefile
config.status: creating externals/parmetis/Makefile
config.status: creating Makefile
config.status: creating externals/Makefile
config.status: creating Common/lib/Makefile
config.status: creating SU2_CFD/obj/Makefile
config.status: creating SU2_DOT/obj/Makefile
config.status: creating SU2_MSH/obj/Makefile
config.status: creating SU2_DEF/obj/Makefile
config.status: creating SU2_SOL/obj/Makefile
config.status: creating SU2_GEO/obj/Makefile
config.status: creating SU2_PY/Makefile
config.status: executing depfiles commands


-------------------------------------------------------------------------
|    ___ _   _ ___                                                      |
|   / __| | | |_  )   Release 4.1.0 'Cardinal'                          |
|   \__ \ |_| |/ /                                                      |
|   |___/\___//___|   Suite                                             |
|                                                                       |
-------------------------------------------------------------------------
| SU2 Lead Dev.: Dr. Francisco Palacios, Francisco.D.Palacios@boeing.com|
|                Dr. Thomas D. Economon, economon@stanford.edu          |
-------------------------------------------------------------------------
| SU2 Developers:                                                       |
| - Prof. Juan J. Alonso's group at Stanford University.                |
| - Prof. Piero Colonna's group at Delft University of Technology.      |
| - Prof. Nicolas R. Gauger's group at Kaiserslautern U. of Technology. |
| - Prof. Alberto Guardone's group at Polytechnic University of Milan.  |
| - Prof. Rafael Palacios' group at Imperial College London.            |
-------------------------------------------------------------------------
| Copyright (C) 2012-2015 SU2, the open-source CFD code.                |
|                                                                       |
| SU2 is free software; you can redistribute it and/or                  |
| modify it under the terms of the GNU Lesser General Public            |
| License as published by the Free Software Foundation; either          |
| version 2.1 of the License, or (at your option) any later version.    |
|                                                                       |
| SU2 is distributed in the hope that it will be useful,                |
| but WITHOUT ANY WARRANTY; without even the implied warranty of        |
| MERCHANTABILITY or FITNESS FOR A PARTICULAR PURPOSE. See the GNU      |
| Lesser General Public License for more details.                       |
|                                                                       |
| You should have received a copy of the GNU Lesser General Public      |
| License along with SU2. If not, see <http://www.gnu.org/licenses/>.   |
-------------------------------------------------------------------------

Build Configuration Summary:

    Source code location: /ADL/sravya/SU2
    Install location: 	  /ADL/sravya/SU2
    Version:              4.1.0
    C++ Compiler:         /opt/MVAPICH2-gcc/2.1/bin/mpicxx
    C Compiler:           /opt/MVAPICH2-gcc/2.1/bin/mpicc
    Preprocessor flags:   -DHAVE_MPI 
    Compiler flags:       -O3 -fPIC
    Linker flags:         
    MPI support:          yes
    Metis support:        yes
    Parmetis support:     yes
    TecIO support:        yes
    CGNS support:         yes
    HDF5 support:         no
    SZIP support:         no
    ZLIB support:         no
    Mutation++ support:   no
    Jsoncpp support: 	  no
    LAPACK support:       no
    Datatype support:
        double              no
        complex             no
        codi_reverse        no
        codi_forward        yes

    External includes:    -DHAVE_PARMETIS -I$(top_srcdir)/externals/parmetis/include -DHAVE_METIS -I$(top_srcdir)/externals/metis/include -DHAVE_TECIO -I$(top_srcdir)/externals/tecio/include 
    External libs:        $(top_builddir)/externals/parmetis/libparmetis.a $(top_builddir)/externals/metis/libmetis.a $(top_builddir)/externals/tecio/libtecio.a 

    Build SU2_CFD:        yes
    Build SU2_DOT:        no
    Build SU2_MSH:        no
    Build SU2_DEF:        no
    Build SU2_SOL:        no
    Build SU2_GEO:        no

Please be sure to add the $SU2_HOME and $SU2_RUN environment variables,
and update your $PATH (and $PYTHONPATH if applicable) with $SU2_RUN.

Based on the input to this configuration, add these lines to your .bashrc file:

export SU2_RUN="/ADL/sravya/SU2/bin"
export SU2_HOME="/ADL/sravya/SU2"
export PATH=$PATH:$SU2_RUN
export PYTHONPATH=$PYTHONPATH:$SU2_RUN


