This file contains any messages produced by compilers while
running configure, to aid debugging if configure makes a mistake.

It was created by SU2 configure 4.1.0, which was
generated by GNU Autoconf 2.63.  Invocation command line was

  $ ./configure --enable-mpi --with-cxx=/opt/MVAPICH2-gcc/1.9/bin/mpicxx --with-cc=/opt/MVAPICH2-gcc/1.9/bin/mpicc --prefix=/ADL/sravya/SU2 --with-CGNS-lib=/opt/CGNS/3.1.4/lib --with-CGNS-include=/opt/CGNS/3.1.4/include --enable-tecio CXXFLAGS=-O1 -g

## --------- ##
## Platform. ##
## --------- ##

hostname = zion
uname -m = x86_64
uname -r = 2.6.32-358.14.1.el6.x86_64
uname -s = Linux
uname -v = #1 SMP Tue Jul 16 23:51:20 UTC 2013

/usr/bin/uname -p = unknown
/bin/uname -X     = unknown

/bin/arch              = x86_64
/usr/bin/arch -k       = unknown
/usr/convex/getsysinfo = unknown
/usr/bin/hostinfo      = unknown
/bin/machine           = unknown
/usr/bin/oslevel       = unknown
/bin/universe          = unknown

PATH: /opt/MVAPICH2-gcc/1.9/bin
PATH: /opt/Python/bin
PATH: /opt/scripts
PATH: /opt/MVAPICH2-gcc/1.9/bin
PATH: /opt/Python/bin
PATH: /opt/scripts
PATH: /opt/MVAPICH2-gcc/1.9/bin
PATH: /opt/Python/bin
PATH: /opt/scripts
PATH: /opt/MVAPICH2-gcc/1.9/bin
PATH: /opt/Python/bin
PATH: /opt/scripts
PATH: /opt/MVAPICH2-gcc/1.9/bin
PATH: /opt/Python/bin
PATH: /opt/scripts
PATH: /opt/MVAPICH2-gcc/1.9/bin
PATH: /opt/Python/bin
PATH: /opt/scripts
PATH: /opt/MVAPICH2/2.1/bin
PATH: /opt/intel/composer_xe_2015.3.187/bin/intel64
PATH: /opt/intel/composer_xe_2015.3.187/debugger/gdb/intel64_mic/bin
PATH: /opt/Python/bin
PATH: /opt/scripts
PATH: /opt/MVAPICH2-gcc/1.9/bin
PATH: /opt/Python/bin
PATH: /opt/scripts
PATH: /usr/lib64/qt-3.3/bin
PATH: /usr/local/bin
PATH: /bin
PATH: /usr/bin
PATH: /usr/local/sbin
PATH: /usr/sbin
PATH: /sbin
PATH: /ADL/sravya/SU2/bin
PATH: /opt/MVAPICH2-gcc/2.1/bin
PATH: /opt/MVAPICH2/2.1/bin
PATH: /opt/tecplot360ex/bin/
PATH: /ADL/sravya/bin
PATH: /ADL/sravya/bin
PATH: /ADL/sravya/SU2/bin
PATH: /opt/MVAPICH2-gcc/2.1/bin
PATH: /opt/MVAPICH2/2.1/bin
PATH: /opt/tecplot360ex/bin/
PATH: /ADL/sravya/bin
PATH: /ADL/sravya/SU2/bin
PATH: /opt/MVAPICH2-gcc/2.1/bin
PATH: /opt/MVAPICH2/2.1/bin
PATH: /opt/tecplot360ex/bin/
PATH: /ADL/sravya/bin
PATH: /ADL/sravya/SU2/bin
PATH: /opt/MVAPICH2-gcc/2.1/bin
PATH: /opt/MVAPICH2/2.1/bin
PATH: /opt/tecplot360ex/bin/
PATH: /ADL/sravya/bin
PATH: /ADL/sravya/SU2/bin
PATH: /opt/MVAPICH2/2.1/bin
PATH: /opt/MVAPICH2-gcc/2.1/bin
PATH: /opt/tecplot360ex/bin/
PATH: /ADL/sravya/bin
PATH: /ADL/sravya/SU2/bin
PATH: /opt/MVAPICH2-gcc/2.1/bin
PATH: /opt/tecplot360ex/bin/
PATH: /ADL/sravya/bin
PATH: /ADL/sravya/SU2/bin
PATH: /opt/MVAPICH2-gcc/2.1/bin
PATH: /opt/tecplot360ex/bin/
PATH: /ADL/sravya/bin
PATH: /ADL/sravya/SU2/bin
PATH: /opt/MVAPICH2-gcc/1.9/bin
PATH: /opt/tecplot360ex/bin/
PATH: /ADL/sravya/bin


## ----------- ##
## Core tests. ##
## ----------- ##

configure:2051: checking build system type
configure:2069: result: x86_64-unknown-linux-gnu
configure:2091: checking host system type
configure:2106: result: x86_64-unknown-linux-gnu
configure:2128: checking target system type
configure:2143: result: x86_64-unknown-linux-gnu
configure:2187: checking for a BSD-compatible install
configure:2255: result: /usr/bin/install -c
configure:2266: checking whether build environment is sane
configure:2331: result: yes
configure:2482: checking for a thread-safe mkdir -p
configure:2521: result: /bin/mkdir -p
configure:2528: checking for gawk
configure:2544: found /bin/gawk
configure:2555: result: gawk
configure:2566: checking whether make sets $(MAKE)
configure:2588: result: yes
configure:2687: checking whether make supports nested variables
configure:2704: result: yes
configure:2729: checking for style of include used by make
configure:2757: result: GNU
configure:2937: checking for C++ compiler version
configure:2945: /opt/MVAPICH2-gcc/1.9/bin/mpicxx --version >&5
g++ (GCC) 4.4.7 20120313 (Red Hat 4.4.7-16)
Copyright (C) 2010 Free Software Foundation, Inc.
This is free software; see the source for copying conditions.  There is NO
warranty; not even for MERCHANTABILITY or FITNESS FOR A PARTICULAR PURPOSE.

configure:2949: $? = 0
configure:2956: /opt/MVAPICH2-gcc/1.9/bin/mpicxx -v >&5
mpicxx for MVAPICH2 version 1.9
Using built-in specs.
Target: x86_64-redhat-linux
Configured with: ../configure --prefix=/usr --mandir=/usr/share/man --infodir=/usr/share/info --with-bugurl=http://bugzilla.redhat.com/bugzilla --enable-bootstrap --enable-shared --enable-threads=posix --enable-checking=release --with-system-zlib --enable-__cxa_atexit --disable-libunwind-exceptions --enable-gnu-unique-object --enable-languages=c,c++,objc,obj-c++,java,fortran,ada --enable-java-awt=gtk --disable-dssi --with-java-home=/usr/lib/jvm/java-1.5.0-gcj-1.5.0.0/jre --enable-libgcj-multifile --enable-java-maintainer-mode --with-ecj-jar=/usr/share/java/eclipse-ecj.jar --disable-libjava-multilib --with-ppl --with-cloog --with-tune=generic --with-arch_32=i686 --build=x86_64-redhat-linux
Thread model: posix
gcc version 4.4.7 20120313 (Red Hat 4.4.7-16) (GCC) 
configure:2960: $? = 0
configure:2967: /opt/MVAPICH2-gcc/1.9/bin/mpicxx -V >&5
g++: '-V' must come at the start of the command line
configure:2971: $? = 1
configure:2994: checking for C++ compiler default output file name
configure:3016: /opt/MVAPICH2-gcc/1.9/bin/mpicxx -O1 -g -DHAVE_MPI   conftest.cpp  >&5
/usr/bin/ld: warning: libslurm.so.27, needed by /opt/MVAPICH2-gcc/1.9/lib/libmpichcxx.so, not found (try using -rpath or -rpath-link)
configure:3020: $? = 0
configure:3058: result: a.out
configure:3077: checking whether the C++ compiler works
configure:3087: ./a.out
./a.out: error while loading shared libraries: libslurm.so.27: cannot open shared object file: No such file or directory
configure:3091: $? = 127
configure:3098: error: in `/ADL/sravya/SU2':
configure:3102: error: cannot run C++ compiled programs.
If you meant to cross compile, use `--host'.
See `config.log' for more details.

## ---------------- ##
## Cache variables. ##
## ---------------- ##

ac_cv_build=x86_64-unknown-linux-gnu
ac_cv_env_CCC_set=
ac_cv_env_CCC_value=
ac_cv_env_CC_set=set
ac_cv_env_CC_value=gcc
ac_cv_env_CFLAGS_set=set
ac_cv_env_CFLAGS_value='-O3 -fPIC'
ac_cv_env_CPPFLAGS_set=
ac_cv_env_CPPFLAGS_value=
ac_cv_env_CPP_set=
ac_cv_env_CPP_value=
ac_cv_env_CXXFLAGS_set=set
ac_cv_env_CXXFLAGS_value='-O1 -g'
ac_cv_env_CXX_set=set
ac_cv_env_CXX_value=g++
ac_cv_env_LDFLAGS_set=
ac_cv_env_LDFLAGS_value=
ac_cv_env_LIBS_set=
ac_cv_env_LIBS_value=
ac_cv_env_build_alias_set=
ac_cv_env_build_alias_value=
ac_cv_env_host_alias_set=
ac_cv_env_host_alias_value=
ac_cv_env_target_alias_set=
ac_cv_env_target_alias_value=
ac_cv_host=x86_64-unknown-linux-gnu
ac_cv_path_install='/usr/bin/install -c'
ac_cv_path_mkdir=/bin/mkdir
ac_cv_prog_AWK=gawk
ac_cv_prog_make_make_set=yes
ac_cv_target=x86_64-unknown-linux-gnu
am_cv_make_support_nested_variables=yes

## ----------------- ##
## Output variables. ##
## ----------------- ##

ACLOCAL='${SHELL} /ADL/sravya/SU2/missing --run aclocal-1.12'
AMDEPBACKSLASH='\'
AMDEP_FALSE='#'
AMDEP_TRUE=''
AMTAR='$${TAR-tar}'
AM_BACKSLASH='\'
AM_DEFAULT_V='$(AM_DEFAULT_VERBOSITY)'
AM_DEFAULT_VERBOSITY='0'
AM_V='$(V)'
AUTOCONF='${SHELL} /ADL/sravya/SU2/missing --run autoconf'
AUTOHEADER='${SHELL} /ADL/sravya/SU2/missing --run autoheader'
AUTOMAKE='${SHELL} /ADL/sravya/SU2/missing --run automake-1.12'
AWK='gawk'
BUILD_CFD_FALSE=''
BUILD_CFD_TRUE=''
BUILD_CGNS_FALSE=''
BUILD_CGNS_TRUE=''
BUILD_DEF_FALSE=''
BUILD_DEF_TRUE=''
BUILD_DIRECTDIFF_FALSE=''
BUILD_DIRECTDIFF_TRUE=''
BUILD_DOT_FALSE=''
BUILD_DOT_TRUE=''
BUILD_GEO_FALSE=''
BUILD_GEO_TRUE=''
BUILD_HDF5_FALSE=''
BUILD_HDF5_TRUE=''
BUILD_JSONCPP_FALSE=''
BUILD_JSONCPP_TRUE=''
BUILD_LAPACK_FALSE=''
BUILD_LAPACK_TRUE=''
BUILD_METIS_FALSE=''
BUILD_METIS_TRUE=''
BUILD_MSH_FALSE=''
BUILD_MSH_TRUE=''
BUILD_MUTATIONPP_FALSE=''
BUILD_MUTATIONPP_TRUE=''
BUILD_NORMAL_FALSE=''
BUILD_NORMAL_TRUE=''
BUILD_PARMETIS_FALSE=''
BUILD_PARMETIS_TRUE=''
BUILD_REVERSE_FALSE=''
BUILD_REVERSE_TRUE=''
BUILD_SOL_FALSE=''
BUILD_SOL_TRUE=''
BUILD_SZIP_FALSE=''
BUILD_SZIP_TRUE=''
BUILD_TECIO_FALSE=''
BUILD_TECIO_TRUE=''
BUILD_ZLIB_FALSE=''
BUILD_ZLIB_TRUE=''
CC='gcc'
CCDEPMODE=''
CFLAGS='-O3 -fPIC'
CGNS_CXX=''
CGNS_LD=''
CPP=''
CPPFLAGS='-DHAVE_MPI '
CXX='/opt/MVAPICH2-gcc/1.9/bin/mpicxx'
CXXDEPMODE=''
CXXFLAGS='-O1 -g'
CYGPATH_W='echo'
DEFS=''
DEPDIR='.deps'
DIRECTDIFF_CXX=''
DIRECTDIFF_LIBS=''
ECHO_C=''
ECHO_N='-n'
ECHO_T=''
EGREP=''
EXEEXT=''
GREP=''
HDF5_CXX=''
HDF5_LD=''
INSTALL_DATA='${INSTALL} -m 644'
INSTALL_PROGRAM='${INSTALL}'
INSTALL_SCRIPT='${INSTALL}'
INSTALL_STRIP_PROGRAM='$(install_sh) -c -s'
JSONCPP_CXX=''
JSONCPP_LD=''
LAPACK_CXX=''
LAPACK_LD=''
LDFLAGS=''
LIBOBJS=''
LIBS=''
LTLIBOBJS=''
MAKEINFO='${SHELL} /ADL/sravya/SU2/missing --run makeinfo'
METIS_INCLUDE=''
METIS_LIB=''
MKDIR_P='/bin/mkdir -p'
MUTATIONPP_CXX=''
MUTATIONPP_LD=''
OBJEXT=''
PACKAGE='SU2'
PACKAGE_BUGREPORT='su2code-dev@lists.stanford.edu'
PACKAGE_NAME='SU2'
PACKAGE_STRING='SU2 4.1.0'
PACKAGE_TARNAME='SU2'
PACKAGE_VERSION='4.1.0'
PARMETIS_INCLUDE=''
PARMETIS_LIB=''
PATH_SEPARATOR=':'
RANLIB=''
REVERSE_CXX=''
REVERSE_LIBS=''
SET_MAKE=''
SHELL='/bin/sh'
STRIP=''
SU2_METIS_CPPFLAGS=''
SU2_PARMETIS_CPPFLAGS=''
SZIP_CXX=''
SZIP_LD=''
TECIO_CPPFLAGS=''
TECIO_INCLUDE=''
VERSION='4.1.0'
ZLIB_CXX=''
ZLIB_LD=''
ac_ct_CC=''
ac_ct_CXX=''
am__EXEEXT_FALSE=''
am__EXEEXT_TRUE=''
am__fastdepCC_FALSE=''
am__fastdepCC_TRUE=''
am__fastdepCXX_FALSE=''
am__fastdepCXX_TRUE=''
am__include='include'
am__isrc=''
am__leading_dot='.'
am__nodep='_no'
am__quote=''
am__tar='$${TAR-tar} chof - "$$tardir"'
am__untar='$${TAR-tar} xf -'
bindir='${exec_prefix}/bin'
build='x86_64-unknown-linux-gnu'
build_alias=''
build_cpu='x86_64'
build_os='linux-gnu'
build_vendor='unknown'
datadir='${datarootdir}'
datarootdir='${prefix}/share'
docdir='${datarootdir}/doc/${PACKAGE_TARNAME}'
dvidir='${docdir}'
exec_prefix='NONE'
host='x86_64-unknown-linux-gnu'
host_alias=''
host_cpu='x86_64'
host_os='linux-gnu'
host_vendor='unknown'
htmldir='${docdir}'
includedir='${prefix}/include'
infodir='${datarootdir}/info'
install_sh='${SHELL} /ADL/sravya/SU2/install-sh'
libdir='${exec_prefix}/lib'
libexecdir='${exec_prefix}/libexec'
localedir='${datarootdir}/locale'
localstatedir='${prefix}/var'
mandir='${datarootdir}/man'
mkdir_p='$(MKDIR_P)'
oldincludedir='/usr/include'
pdfdir='${docdir}'
prefix='/ADL/sravya/SU2'
program_transform_name='s,x,x,'
psdir='${docdir}'
sbindir='${exec_prefix}/sbin'
sharedstatedir='${prefix}/com'
su2_externals_INCLUDES=''
su2_externals_LIBS=''
sysconfdir='${prefix}/etc'
target='x86_64-unknown-linux-gnu'
target_alias=''
target_cpu='x86_64'
target_os='linux-gnu'
target_vendor='unknown'

## ----------- ##
## confdefs.h. ##
## ----------- ##

#define PACKAGE_NAME "SU2"
#define PACKAGE_TARNAME "SU2"
#define PACKAGE_VERSION "4.1.0"
#define PACKAGE_STRING "SU2 4.1.0"
#define PACKAGE_BUGREPORT "su2code-dev@lists.stanford.edu"
#define PACKAGE "SU2"
#define VERSION "4.1.0"

configure: exit 1
