This file contains any messages produced by compilers while
running configure, to aid debugging if configure makes a mistake.

It was created by SU2 configure 4.1.0, which was
generated by GNU Autoconf 2.63.  Invocation command line was

  $ ../configure --with-cc=/opt/MVAPICH2-gcc/2.1/bin/mpicc --with-CGNS-include=/opt/CGNS/3.1.4/include --with-cxx=/opt/MVAPICH2-gcc/2.1/bin/mpicxx --with-CGNS-lib=/opt/CGNS/3.1.4/lib --prefix=/ADL/sravya/SU2 --enable-mpi

## --------- ##
## Platform. ##
## --------- ##

hostname = zion
uname -m = x86_64
uname -r = 2.6.32-358.14.1.el6.x86_64
uname -s = Linux
uname -v = #1 SMP Tue Jul 16 23:51:20 UTC 2013

/usr/bin/uname -p = unknown
/bin/uname -X     = unknown

/bin/arch              = x86_64
/usr/bin/arch -k       = unknown
/usr/convex/getsysinfo = unknown
/usr/bin/hostinfo      = unknown
/bin/machine           = unknown
/usr/bin/oslevel       = unknown
/bin/universe          = unknown

PATH: /opt/MVAPICH2-gcc/2.1/bin
PATH: /opt/Python/bin
PATH: /opt/scripts
PATH: /usr/lib64/qt-3.3/bin
PATH: /usr/local/bin
PATH: /bin
PATH: /usr/bin
PATH: /usr/local/sbin
PATH: /usr/sbin
PATH: /sbin
PATH: /ADL/sravya/SU2/bin
PATH: /opt/MVAPICH2-gcc/2.1/bin/
PATH: /opt/tecplot360ex/bin/
PATH: /ADL/sravya/bin
PATH: /ADL/sravya/bin


## ----------- ##
## Core tests. ##
## ----------- ##

configure:2051: checking build system type
configure:2069: result: x86_64-unknown-linux-gnu
configure:2091: checking host system type
configure:2106: result: x86_64-unknown-linux-gnu
configure:2128: checking target system type
configure:2143: result: x86_64-unknown-linux-gnu
configure:2187: checking for a BSD-compatible install
configure:2255: result: /usr/bin/install -c
configure:2266: checking whether build environment is sane
configure:2331: result: yes
configure:2482: checking for a thread-safe mkdir -p
configure:2521: result: /bin/mkdir -p
configure:2528: checking for gawk
configure:2544: found /bin/gawk
configure:2555: result: gawk
configure:2566: checking whether make sets $(MAKE)
configure:2588: result: yes
configure:2687: checking whether make supports nested variables
configure:2704: result: yes
configure:2729: checking for style of include used by make
configure:2757: result: GNU
configure:2937: checking for C++ compiler version
configure:2945: /opt/MVAPICH2-gcc/2.1/bin/mpicxx --version >&5
g++ (GCC) 4.4.7 20120313 (Red Hat 4.4.7-16)
Copyright (C) 2010 Free Software Foundation, Inc.
This is free software; see the source for copying conditions.  There is NO
warranty; not even for MERCHANTABILITY or FITNESS FOR A PARTICULAR PURPOSE.

configure:2949: $? = 0
configure:2956: /opt/MVAPICH2-gcc/2.1/bin/mpicxx -v >&5
mpicxx for MVAPICH2 version 2.1
Using built-in specs.
Target: x86_64-redhat-linux
Configured with: ../configure --prefix=/usr --mandir=/usr/share/man --infodir=/usr/share/info --with-bugurl=http://bugzilla.redhat.com/bugzilla --enable-bootstrap --enable-shared --enable-threads=posix --enable-checking=release --with-system-zlib --enable-__cxa_atexit --disable-libunwind-exceptions --enable-gnu-unique-object --enable-languages=c,c++,objc,obj-c++,java,fortran,ada --enable-java-awt=gtk --disable-dssi --with-java-home=/usr/lib/jvm/java-1.5.0-gcj-1.5.0.0/jre --enable-libgcj-multifile --enable-java-maintainer-mode --with-ecj-jar=/usr/share/java/eclipse-ecj.jar --disable-libjava-multilib --with-ppl --with-cloog --with-tune=generic --with-arch_32=i686 --build=x86_64-redhat-linux
Thread model: posix
gcc version 4.4.7 20120313 (Red Hat 4.4.7-16) (GCC) 
configure:2960: $? = 0
configure:2967: /opt/MVAPICH2-gcc/2.1/bin/mpicxx -V >&5
g++: '-V' must come at the start of the command line
configure:2971: $? = 1
configure:2994: checking for C++ compiler default output file name
configure:3016: /opt/MVAPICH2-gcc/2.1/bin/mpicxx -O3 -fPIC -DHAVE_MPI   conftest.cpp  >&5
configure:3020: $? = 0
configure:3058: result: a.out
configure:3077: checking whether the C++ compiler works
configure:3087: ./a.out
configure:3091: $? = 0
configure:3110: result: yes
configure:3117: checking whether we are cross compiling
configure:3119: result: no
configure:3122: checking for suffix of executables
configure:3129: /opt/MVAPICH2-gcc/2.1/bin/mpicxx -o conftest -O3 -fPIC -DHAVE_MPI   conftest.cpp  >&5
configure:3133: $? = 0
configure:3159: result: 
configure:3165: checking for suffix of object files
configure:3191: /opt/MVAPICH2-gcc/2.1/bin/mpicxx -c -O3 -fPIC -DHAVE_MPI  conftest.cpp >&5
configure:3195: $? = 0
configure:3220: result: o
configure:3224: checking whether we are using the GNU C++ compiler
configure:3253: /opt/MVAPICH2-gcc/2.1/bin/mpicxx -c -O3 -fPIC -DHAVE_MPI  conftest.cpp >&5
configure:3260: $? = 0
configure:3277: result: yes
configure:3286: checking whether /opt/MVAPICH2-gcc/2.1/bin/mpicxx accepts -g
configure:3316: /opt/MVAPICH2-gcc/2.1/bin/mpicxx -c -g -DHAVE_MPI  conftest.cpp >&5
configure:3323: $? = 0
configure:3424: result: yes
configure:3449: checking dependency style of /opt/MVAPICH2-gcc/2.1/bin/mpicxx
configure:3560: result: gcc3
configure:3711: checking for C compiler version
configure:3719: /opt/MVAPICH2-gcc/2.1/bin/mpicc --version >&5
gcc (GCC) 4.4.7 20120313 (Red Hat 4.4.7-16)
Copyright (C) 2010 Free Software Foundation, Inc.
This is free software; see the source for copying conditions.  There is NO
warranty; not even for MERCHANTABILITY or FITNESS FOR A PARTICULAR PURPOSE.

configure:3723: $? = 0
configure:3730: /opt/MVAPICH2-gcc/2.1/bin/mpicc -v >&5
mpicc for MVAPICH2 version 2.1
Using built-in specs.
Target: x86_64-redhat-linux
Configured with: ../configure --prefix=/usr --mandir=/usr/share/man --infodir=/usr/share/info --with-bugurl=http://bugzilla.redhat.com/bugzilla --enable-bootstrap --enable-shared --enable-threads=posix --enable-checking=release --with-system-zlib --enable-__cxa_atexit --disable-libunwind-exceptions --enable-gnu-unique-object --enable-languages=c,c++,objc,obj-c++,java,fortran,ada --enable-java-awt=gtk --disable-dssi --with-java-home=/usr/lib/jvm/java-1.5.0-gcj-1.5.0.0/jre --enable-libgcj-multifile --enable-java-maintainer-mode --with-ecj-jar=/usr/share/java/eclipse-ecj.jar --disable-libjava-multilib --with-ppl --with-cloog --with-tune=generic --with-arch_32=i686 --build=x86_64-redhat-linux
Thread model: posix
gcc version 4.4.7 20120313 (Red Hat 4.4.7-16) (GCC) 
configure:3734: $? = 0
configure:3741: /opt/MVAPICH2-gcc/2.1/bin/mpicc -V >&5
gcc: '-V' must come at the start of the command line
configure:3745: $? = 1
configure:3748: checking whether we are using the GNU C compiler
configure:3777: /opt/MVAPICH2-gcc/2.1/bin/mpicc -c -O3 -fPIC -DHAVE_MPI  conftest.c >&5
configure:3784: $? = 0
configure:3801: result: yes
configure:3810: checking whether /opt/MVAPICH2-gcc/2.1/bin/mpicc accepts -g
configure:3840: /opt/MVAPICH2-gcc/2.1/bin/mpicc -c -g -DHAVE_MPI  conftest.c >&5
configure:3847: $? = 0
configure:3948: result: yes
configure:3965: checking for /opt/MVAPICH2-gcc/2.1/bin/mpicc option to accept ISO C89
configure:4039: /opt/MVAPICH2-gcc/2.1/bin/mpicc  -c -O3 -fPIC -DHAVE_MPI  conftest.c >&5
configure:4046: $? = 0
configure:4069: result: none needed
configure:4089: checking dependency style of /opt/MVAPICH2-gcc/2.1/bin/mpicc
configure:4200: result: gcc3
configure:4218: checking whether /opt/MVAPICH2-gcc/2.1/bin/mpicc and cc understand -c and -o together
configure:4253: /opt/MVAPICH2-gcc/2.1/bin/mpicc -c conftest.c -o conftest2.o >&5
configure:4257: $? = 0
configure:4263: /opt/MVAPICH2-gcc/2.1/bin/mpicc -c conftest.c -o conftest2.o >&5
configure:4267: $? = 0
configure:4278: cc -c conftest.c >&5
configure:4282: $? = 0
configure:4290: cc -c conftest.c -o conftest2.o >&5
configure:4294: $? = 0
configure:4300: cc -c conftest.c -o conftest2.o >&5
configure:4304: $? = 0
configure:4322: result: yes
configure:4392: checking for ranlib
configure:4408: found /usr/bin/ranlib
configure:4419: result: ranlib
configure:4441: checking for a thread-safe mkdir -p
configure:4480: result: /bin/mkdir -p
configure:4494: checking how to run the C preprocessor
configure:4534: /opt/MVAPICH2-gcc/2.1/bin/mpicc -E -DHAVE_MPI  conftest.c
configure:4541: $? = 0
configure:4572: /opt/MVAPICH2-gcc/2.1/bin/mpicc -E -DHAVE_MPI  conftest.c
conftest.c:10:28: error: ac_nonexistent.h: No such file or directory
configure:4579: $? = 1
configure: failed program was:
| /* confdefs.h.  */
| #define PACKAGE_NAME "SU2"
| #define PACKAGE_TARNAME "SU2"
| #define PACKAGE_VERSION "4.1.0"
| #define PACKAGE_STRING "SU2 4.1.0"
| #define PACKAGE_BUGREPORT "su2code-dev@lists.stanford.edu"
| #define PACKAGE "SU2"
| #define VERSION "4.1.0"
| /* end confdefs.h.  */
| #include <ac_nonexistent.h>
configure:4612: result: /opt/MVAPICH2-gcc/2.1/bin/mpicc -E
configure:4641: /opt/MVAPICH2-gcc/2.1/bin/mpicc -E -DHAVE_MPI  conftest.c
configure:4648: $? = 0
configure:4679: /opt/MVAPICH2-gcc/2.1/bin/mpicc -E -DHAVE_MPI  conftest.c
conftest.c:10:28: error: ac_nonexistent.h: No such file or directory
configure:4686: $? = 1
configure: failed program was:
| /* confdefs.h.  */
| #define PACKAGE_NAME "SU2"
| #define PACKAGE_TARNAME "SU2"
| #define PACKAGE_VERSION "4.1.0"
| #define PACKAGE_STRING "SU2 4.1.0"
| #define PACKAGE_BUGREPORT "su2code-dev@lists.stanford.edu"
| #define PACKAGE "SU2"
| #define VERSION "4.1.0"
| /* end confdefs.h.  */
| #include <ac_nonexistent.h>
configure:4726: checking for grep that handles long lines and -e
configure:4786: result: /bin/grep
configure:4791: checking for egrep
configure:4855: result: /bin/grep -E
configure:4860: checking for ANSI C header files
configure:4890: /opt/MVAPICH2-gcc/2.1/bin/mpicc -c -O3 -fPIC -DHAVE_MPI  conftest.c >&5
configure:4897: $? = 0
configure:4996: /opt/MVAPICH2-gcc/2.1/bin/mpicc -o conftest -O3 -fPIC -DHAVE_MPI   conftest.c  >&5
configure:5000: $? = 0
configure:5006: ./conftest
configure:5010: $? = 0
configure:5028: result: yes
configure:5052: checking for sys/types.h
configure:5073: /opt/MVAPICH2-gcc/2.1/bin/mpicc -c -O3 -fPIC -DHAVE_MPI  conftest.c >&5
configure:5080: $? = 0
configure:5097: result: yes
configure:5052: checking for sys/stat.h
configure:5073: /opt/MVAPICH2-gcc/2.1/bin/mpicc -c -O3 -fPIC -DHAVE_MPI  conftest.c >&5
configure:5080: $? = 0
configure:5097: result: yes
configure:5052: checking for stdlib.h
configure:5073: /opt/MVAPICH2-gcc/2.1/bin/mpicc -c -O3 -fPIC -DHAVE_MPI  conftest.c >&5
configure:5080: $? = 0
configure:5097: result: yes
configure:5052: checking for string.h
configure:5073: /opt/MVAPICH2-gcc/2.1/bin/mpicc -c -O3 -fPIC -DHAVE_MPI  conftest.c >&5
configure:5080: $? = 0
configure:5097: result: yes
configure:5052: checking for memory.h
configure:5073: /opt/MVAPICH2-gcc/2.1/bin/mpicc -c -O3 -fPIC -DHAVE_MPI  conftest.c >&5
configure:5080: $? = 0
configure:5097: result: yes
configure:5052: checking for strings.h
configure:5073: /opt/MVAPICH2-gcc/2.1/bin/mpicc -c -O3 -fPIC -DHAVE_MPI  conftest.c >&5
configure:5080: $? = 0
configure:5097: result: yes
configure:5052: checking for inttypes.h
configure:5073: /opt/MVAPICH2-gcc/2.1/bin/mpicc -c -O3 -fPIC -DHAVE_MPI  conftest.c >&5
configure:5080: $? = 0
configure:5097: result: yes
configure:5052: checking for stdint.h
configure:5073: /opt/MVAPICH2-gcc/2.1/bin/mpicc -c -O3 -fPIC -DHAVE_MPI  conftest.c >&5
configure:5080: $? = 0
configure:5097: result: yes
configure:5052: checking for unistd.h
configure:5073: /opt/MVAPICH2-gcc/2.1/bin/mpicc -c -O3 -fPIC -DHAVE_MPI  conftest.c >&5
configure:5080: $? = 0
configure:5097: result: yes
configure:5115: checking size of short int
configure:5420: /opt/MVAPICH2-gcc/2.1/bin/mpicc -o conftest -O3 -fPIC -DHAVE_MPI   conftest.c  >&5
configure:5424: $? = 0
configure:5430: ./conftest
configure:5434: $? = 0
configure:5460: result: 2
configure:5474: checking size of int
configure:5779: /opt/MVAPICH2-gcc/2.1/bin/mpicc -o conftest -O3 -fPIC -DHAVE_MPI   conftest.c  >&5
configure:5783: $? = 0
configure:5789: ./conftest
configure:5793: $? = 0
configure:5819: result: 4
configure:5833: checking size of unsigned int
configure:6138: /opt/MVAPICH2-gcc/2.1/bin/mpicc -o conftest -O3 -fPIC -DHAVE_MPI   conftest.c  >&5
configure:6142: $? = 0
configure:6148: ./conftest
configure:6152: $? = 0
configure:6178: result: 4
configure:6192: checking size of long int
configure:6497: /opt/MVAPICH2-gcc/2.1/bin/mpicc -o conftest -O3 -fPIC -DHAVE_MPI   conftest.c  >&5
configure:6501: $? = 0
configure:6507: ./conftest
configure:6511: $? = 0
configure:6537: result: 8
configure:6551: checking size of float
configure:6856: /opt/MVAPICH2-gcc/2.1/bin/mpicc -o conftest -O3 -fPIC -DHAVE_MPI   conftest.c  >&5
configure:6860: $? = 0
configure:6866: ./conftest
configure:6870: $? = 0
configure:6896: result: 4
configure:6910: checking size of double
configure:7215: /opt/MVAPICH2-gcc/2.1/bin/mpicc -o conftest -O3 -fPIC -DHAVE_MPI   conftest.c  >&5
configure:7219: $? = 0
configure:7225: ./conftest
configure:7229: $? = 0
configure:7255: result: 8
configure:7269: checking size of void *
configure:7574: /opt/MVAPICH2-gcc/2.1/bin/mpicc -o conftest -O3 -fPIC -DHAVE_MPI   conftest.c  >&5
configure:7578: $? = 0
configure:7584: ./conftest
configure:7588: $? = 0
configure:7614: result: 8
configure:7850: checking X11/Intrinsic.h usability
configure:7867: /opt/MVAPICH2-gcc/2.1/bin/mpicc -c -O3 -fPIC -DHAVE_MPI  conftest.c >&5
configure:7874: $? = 0
configure:7888: result: yes
configure:7892: checking X11/Intrinsic.h presence
configure:7907: /opt/MVAPICH2-gcc/2.1/bin/mpicc -E -DHAVE_MPI  conftest.c
configure:7914: $? = 0
configure:7928: result: yes
configure:7961: checking for X11/Intrinsic.h
configure:7968: result: yes
configure:7994: checking size of void *
configure:8339: result: 8
configure:8377: result: <<< Configuring library with Tecplot TecIO support >>>
configure:8450: result: <<< Configuring library with Metis support >>>
configure:8455: checking for thread local storage (TLS) class
configure:8492: /opt/MVAPICH2-gcc/2.1/bin/mpicc -c -O3 -fPIC -DHAVE_MPI  conftest.c >&5
configure:8499: $? = 0
configure:8527: result: __thread
configure:8603: result: <<< Configuring library with Parmetis support >>>
configure:8646: checking for /opt/CGNS/3.1.4/lib/libcgns.a
configure:8663: result: yes
configure:8687: checking for /opt/CGNS/3.1.4/include/cgnslib.h
configure:8704: result: yes
configure:9847: checking that generated files are newer than configure
configure:9853: result: done
configure:10071: creating ./config.status

## ---------------------- ##
## Running config.status. ##
## ---------------------- ##

This file was extended by SU2 config.status 4.1.0, which was
generated by GNU Autoconf 2.63.  Invocation command line was

  CONFIG_FILES    = 
  CONFIG_HEADERS  = 
  CONFIG_LINKS    = 
  CONFIG_COMMANDS = 
  $ ./config.status 

on zion

config.status:798: creating externals/tecio/Makefile
config.status:798: creating externals/metis/Makefile
config.status:798: creating externals/parmetis/Makefile
config.status:798: creating Makefile
config.status:798: creating externals/Makefile
config.status:798: creating Common/lib/Makefile
config.status:798: creating SU2_CFD/obj/Makefile
config.status:798: creating SU2_DOT/obj/Makefile
config.status:798: creating SU2_MSH/obj/Makefile
config.status:798: creating SU2_DEF/obj/Makefile
config.status:798: creating SU2_SOL/obj/Makefile
config.status:798: creating SU2_GEO/obj/Makefile
config.status:798: creating SU2_PY/Makefile
config.status:1002: executing depfiles commands
configure:11306: result:

-------------------------------------------------------------------------
|    ___ _   _ ___                                                      |
|   / __| | | |_  )   Release 4.1.0 'Cardinal'                          |
|   \__ \ |_| |/ /                                                      |
|   |___/\___//___|   Suite                                             |
|                                                                       |
-------------------------------------------------------------------------
| SU2 Lead Dev.: Dr. Francisco Palacios, Francisco.D.Palacios@boeing.com|
|                Dr. Thomas D. Economon, economon@stanford.edu          |
-------------------------------------------------------------------------
| SU2 Developers:                                                       |
| - Prof. Juan J. Alonso's group at Stanford University.                |
| - Prof. Piero Colonna's group at Delft University of Technology.      |
| - Prof. Nicolas R. Gauger's group at Kaiserslautern U. of Technology. |
| - Prof. Alberto Guardone's group at Polytechnic University of Milan.  |
| - Prof. Rafael Palacios' group at Imperial College London.            |
-------------------------------------------------------------------------
| Copyright (C) 2012-2015 SU2, the open-source CFD code.                |
|                                                                       |
| SU2 is free software; you can redistribute it and/or                  |
| modify it under the terms of the GNU Lesser General Public            |
| License as published by the Free Software Foundation; either          |
| version 2.1 of the License, or (at your option) any later version.    |
|                                                                       |
| SU2 is distributed in the hope that it will be useful,                |
| but WITHOUT ANY WARRANTY; without even the implied warranty of        |
| MERCHANTABILITY or FITNESS FOR A PARTICULAR PURPOSE. See the GNU      |
| Lesser General Public License for more details.                       |
|                                                                       |
| You should have received a copy of the GNU Lesser General Public      |
| License along with SU2. If not, see <http://www.gnu.org/licenses/>.   |
-------------------------------------------------------------------------

Build Configuration Summary:

    Source code location: /ADL/sravya/SU2
    Install location: 	  /ADL/sravya/SU2
    Version:              4.1.0
    C++ Compiler:         /opt/MVAPICH2-gcc/2.1/bin/mpicxx
    C Compiler:           /opt/MVAPICH2-gcc/2.1/bin/mpicc
    Preprocessor flags:   -DHAVE_MPI 
    Compiler flags:       -O3 -fPIC
    Linker flags:         
    MPI support:          yes
    Metis support:        yes
    Parmetis support:     yes
    TecIO support:        yes
    CGNS support:         yes
    HDF5 support:         no
    SZIP support:         no
    ZLIB support:         no
    Mutation++ support:   no
    Jsoncpp support: 	  no
    LAPACK support:       no
    Datatype support:
        double              yes
        complex             no
        codi_reverse        no
        codi_forward        no

    External includes:    -DHAVE_PARMETIS -I$(top_srcdir)/externals/parmetis/include -DHAVE_METIS -I$(top_srcdir)/externals/metis/include -DHAVE_TECIO -I$(top_srcdir)/externals/tecio/include 
    External libs:        $(top_builddir)/externals/parmetis/libparmetis.a $(top_builddir)/externals/metis/libmetis.a $(top_builddir)/externals/tecio/libtecio.a 

    Build SU2_CFD:        yes
    Build SU2_DOT:        yes
    Build SU2_MSH:        yes
    Build SU2_DEF:        yes
    Build SU2_SOL:        yes
    Build SU2_GEO:        yes

Please be sure to add the $SU2_HOME and $SU2_RUN environment variables,
and update your $PATH (and $PYTHONPATH if applicable) with $SU2_RUN.

Based on the input to this configuration, add these lines to your .bashrc file:

export SU2_RUN="/ADL/sravya/SU2/bin"
export SU2_HOME="/ADL/sravya/SU2"
export PATH=$PATH:$SU2_RUN
export PYTHONPATH=$PYTHONPATH:$SU2_RUN



## ---------------- ##
## Cache variables. ##
## ---------------- ##

ac_cv_build=x86_64-unknown-linux-gnu
ac_cv_c_compiler_gnu=yes
ac_cv_cxx_compiler_gnu=yes
ac_cv_env_CCC_set=
ac_cv_env_CCC_value=
ac_cv_env_CC_set=set
ac_cv_env_CC_value=gcc
ac_cv_env_CFLAGS_set=set
ac_cv_env_CFLAGS_value='-O3 -fPIC'
ac_cv_env_CPPFLAGS_set=
ac_cv_env_CPPFLAGS_value=
ac_cv_env_CPP_set=
ac_cv_env_CPP_value=
ac_cv_env_CXXFLAGS_set=set
ac_cv_env_CXXFLAGS_value='-O3 -fPIC'
ac_cv_env_CXX_set=set
ac_cv_env_CXX_value=g++
ac_cv_env_LDFLAGS_set=
ac_cv_env_LDFLAGS_value=
ac_cv_env_LIBS_set=
ac_cv_env_LIBS_value=
ac_cv_env_build_alias_set=
ac_cv_env_build_alias_value=
ac_cv_env_host_alias_set=
ac_cv_env_host_alias_value=
ac_cv_env_target_alias_set=
ac_cv_env_target_alias_value=
ac_cv_file__opt_CGNS_3_1_4_include_cgnslib_h=yes
ac_cv_file__opt_CGNS_3_1_4_lib_libcgns_a=yes
ac_cv_header_X11_Intrinsic_h=yes
ac_cv_header_inttypes_h=yes
ac_cv_header_memory_h=yes
ac_cv_header_stdc=yes
ac_cv_header_stdint_h=yes
ac_cv_header_stdlib_h=yes
ac_cv_header_string_h=yes
ac_cv_header_strings_h=yes
ac_cv_header_sys_stat_h=yes
ac_cv_header_sys_types_h=yes
ac_cv_header_unistd_h=yes
ac_cv_host=x86_64-unknown-linux-gnu
ac_cv_objext=o
ac_cv_path_EGREP='/bin/grep -E'
ac_cv_path_GREP=/bin/grep
ac_cv_path_install='/usr/bin/install -c'
ac_cv_path_mkdir=/bin/mkdir
ac_cv_prog_AWK=gawk
ac_cv_prog_CPP='/opt/MVAPICH2-gcc/2.1/bin/mpicc -E'
ac_cv_prog_ac_ct_RANLIB=ranlib
ac_cv_prog_cc__opt_MVAPICH2_gcc_2_1_bin_mpicc_c_o=yes
ac_cv_prog_cc_c89=
ac_cv_prog_cc_g=yes
ac_cv_prog_cxx_g=yes
ac_cv_prog_make_make_set=yes
ac_cv_sizeof_double=8
ac_cv_sizeof_float=4
ac_cv_sizeof_int=4
ac_cv_sizeof_long_int=8
ac_cv_sizeof_short_int=2
ac_cv_sizeof_unsigned_int=4
ac_cv_sizeof_void_p=8
ac_cv_target=x86_64-unknown-linux-gnu
ac_cv_tls=__thread
am_cv_CC_dependencies_compiler_type=gcc3
am_cv_CXX_dependencies_compiler_type=gcc3
am_cv_make_support_nested_variables=yes

## ----------------- ##
## Output variables. ##
## ----------------- ##

ACLOCAL='${SHELL} /ADL/sravya/SU2/missing --run aclocal-1.12'
AMDEPBACKSLASH='\'
AMDEP_FALSE='#'
AMDEP_TRUE=''
AMTAR='$${TAR-tar}'
AM_BACKSLASH='\'
AM_DEFAULT_V='$(AM_DEFAULT_VERBOSITY)'
AM_DEFAULT_VERBOSITY='0'
AM_V='$(V)'
AUTOCONF='${SHELL} /ADL/sravya/SU2/missing --run autoconf'
AUTOHEADER='${SHELL} /ADL/sravya/SU2/missing --run autoheader'
AUTOMAKE='${SHELL} /ADL/sravya/SU2/missing --run automake-1.12'
AWK='gawk'
BUILD_CFD_FALSE='#'
BUILD_CFD_TRUE=''
BUILD_CGNS_FALSE='#'
BUILD_CGNS_TRUE=''
BUILD_DEF_FALSE='#'
BUILD_DEF_TRUE=''
BUILD_DIRECTDIFF_FALSE=''
BUILD_DIRECTDIFF_TRUE='#'
BUILD_DOT_FALSE='#'
BUILD_DOT_TRUE=''
BUILD_GEO_FALSE='#'
BUILD_GEO_TRUE=''
BUILD_HDF5_FALSE=''
BUILD_HDF5_TRUE='#'
BUILD_JSONCPP_FALSE=''
BUILD_JSONCPP_TRUE='#'
BUILD_LAPACK_FALSE=''
BUILD_LAPACK_TRUE='#'
BUILD_METIS_FALSE='#'
BUILD_METIS_TRUE=''
BUILD_MSH_FALSE='#'
BUILD_MSH_TRUE=''
BUILD_MUTATIONPP_FALSE=''
BUILD_MUTATIONPP_TRUE='#'
BUILD_NORMAL_FALSE='#'
BUILD_NORMAL_TRUE=''
BUILD_PARMETIS_FALSE='#'
BUILD_PARMETIS_TRUE=''
BUILD_REVERSE_FALSE=''
BUILD_REVERSE_TRUE='#'
BUILD_SOL_FALSE='#'
BUILD_SOL_TRUE=''
BUILD_SZIP_FALSE=''
BUILD_SZIP_TRUE='#'
BUILD_TECIO_FALSE='#'
BUILD_TECIO_TRUE=''
BUILD_ZLIB_FALSE=''
BUILD_ZLIB_TRUE='#'
CC='/opt/MVAPICH2-gcc/2.1/bin/mpicc'
CCDEPMODE='depmode=gcc3'
CFLAGS='-O3 -fPIC'
CGNS_CXX='-DHAVE_CGNS -I/opt/CGNS/3.1.4/include'
CGNS_LD='/opt/CGNS/3.1.4/lib/libcgns.a'
CPP='/opt/MVAPICH2-gcc/2.1/bin/mpicc -E'
CPPFLAGS='-DHAVE_MPI '
CXX='/opt/MVAPICH2-gcc/2.1/bin/mpicxx'
CXXDEPMODE='depmode=gcc3'
CXXFLAGS='-O3 -fPIC'
CYGPATH_W='echo'
DEFS='-DPACKAGE_NAME=\"SU2\" -DPACKAGE_TARNAME=\"SU2\" -DPACKAGE_VERSION=\"4.1.0\" -DPACKAGE_STRING=\"SU2\ 4.1.0\" -DPACKAGE_BUGREPORT=\"su2code-dev@lists.stanford.edu\" -DPACKAGE=\"SU2\" -DVERSION=\"4.1.0\" -DSTDC_HEADERS=1 -DHAVE_SYS_TYPES_H=1 -DHAVE_SYS_STAT_H=1 -DHAVE_STDLIB_H=1 -DHAVE_STRING_H=1 -DHAVE_MEMORY_H=1 -DHAVE_STRINGS_H=1 -DHAVE_INTTYPES_H=1 -DHAVE_STDINT_H=1 -DHAVE_UNISTD_H=1 -DSIZEOF_SHORT_INT=2 -DSIZEOF_INT=4 -DSIZEOF_UNSIGNED_INT=4 -DSIZEOF_LONG_INT=8 -DSIZEOF_FLOAT=4 -DSIZEOF_DOUBLE=8 -DSIZEOF_VOID_P=8 -DSIZEOF_VOID_P=8 -DHAVE_TECPLOT_API=1 -DHAVE_TECPLOT_API_112=1 -DHAVE_METIS=1 -DTLS=__thread -DHAVE_PARMETIS=1'
DEPDIR='.deps'
DIRECTDIFF_CXX=''
DIRECTDIFF_LIBS=''
ECHO_C=''
ECHO_N='-n'
ECHO_T=''
EGREP='/bin/grep -E'
EXEEXT=''
GREP='/bin/grep'
HDF5_CXX=''
HDF5_LD=''
INSTALL_DATA='${INSTALL} -m 644'
INSTALL_PROGRAM='${INSTALL}'
INSTALL_SCRIPT='${INSTALL}'
INSTALL_STRIP_PROGRAM='$(install_sh) -c -s'
JSONCPP_CXX=''
JSONCPP_LD=''
LAPACK_CXX=''
LAPACK_LD=''
LDFLAGS=''
LIBOBJS=''
LIBS=''
LTLIBOBJS=''
MAKEINFO='${SHELL} /ADL/sravya/SU2/missing --run makeinfo'
METIS_INCLUDE='-I$(top_srcdir)/externals/metis/include'
METIS_LIB='$(top_builddir)/externals/metis/libmetis.a'
MKDIR_P='/bin/mkdir -p'
MUTATIONPP_CXX=''
MUTATIONPP_LD=''
OBJEXT='o'
PACKAGE='SU2'
PACKAGE_BUGREPORT='su2code-dev@lists.stanford.edu'
PACKAGE_NAME='SU2'
PACKAGE_STRING='SU2 4.1.0'
PACKAGE_TARNAME='SU2'
PACKAGE_VERSION='4.1.0'
PARMETIS_INCLUDE='-I$(top_srcdir)/externals/parmetis/include'
PARMETIS_LIB='$(top_builddir)/externals/parmetis/libparmetis.a'
PATH_SEPARATOR=':'
RANLIB='ranlib'
REVERSE_CXX=''
REVERSE_LIBS=''
SET_MAKE=''
SHELL='/bin/sh'
STRIP=''
SU2_METIS_CPPFLAGS='-D_FILE_OFFSET_BITS=64 -DNDEBUG -DNDEBUG2 -DHAVE_EXECINFO_H -DHAVE_GETLINE'
SU2_PARMETIS_CPPFLAGS=''
SZIP_CXX=''
SZIP_LD=''
TECIO_CPPFLAGS='-DLINUX64 -DLINUX '
TECIO_INCLUDE='-I$(top_srcdir)/externals/tecio/include'
VERSION='4.1.0'
ZLIB_CXX=''
ZLIB_LD=''
ac_ct_CC=''
ac_ct_CXX=''
am__EXEEXT_FALSE=''
am__EXEEXT_TRUE='#'
am__fastdepCC_FALSE='#'
am__fastdepCC_TRUE=''
am__fastdepCXX_FALSE='#'
am__fastdepCXX_TRUE=''
am__include='include'
am__isrc=' -I$(srcdir)'
am__leading_dot='.'
am__nodep='_no'
am__quote=''
am__tar='$${TAR-tar} chof - "$$tardir"'
am__untar='$${TAR-tar} xf -'
bindir='${exec_prefix}/bin'
build='x86_64-unknown-linux-gnu'
build_alias=''
build_cpu='x86_64'
build_os='linux-gnu'
build_vendor='unknown'
datadir='${datarootdir}'
datarootdir='${prefix}/share'
docdir='${datarootdir}/doc/${PACKAGE_TARNAME}'
dvidir='${docdir}'
exec_prefix='${prefix}'
host='x86_64-unknown-linux-gnu'
host_alias=''
host_cpu='x86_64'
host_os='linux-gnu'
host_vendor='unknown'
htmldir='${docdir}'
includedir='${prefix}/include'
infodir='${datarootdir}/info'
install_sh='${SHELL} /ADL/sravya/SU2/install-sh'
libdir='${exec_prefix}/lib'
libexecdir='${exec_prefix}/libexec'
localedir='${datarootdir}/locale'
localstatedir='${prefix}/var'
mandir='${datarootdir}/man'
mkdir_p='$(MKDIR_P)'
oldincludedir='/usr/include'
pdfdir='${docdir}'
prefix='/ADL/sravya/SU2'
program_transform_name='s,x,x,'
psdir='${docdir}'
sbindir='${exec_prefix}/sbin'
sharedstatedir='${prefix}/com'
su2_externals_INCLUDES='-DHAVE_PARMETIS -I$(top_srcdir)/externals/parmetis/include -DHAVE_METIS -I$(top_srcdir)/externals/metis/include -DHAVE_TECIO -I$(top_srcdir)/externals/tecio/include '
su2_externals_LIBS='$(top_builddir)/externals/parmetis/libparmetis.a $(top_builddir)/externals/metis/libmetis.a $(top_builddir)/externals/tecio/libtecio.a '
sysconfdir='${prefix}/etc'
target='x86_64-unknown-linux-gnu'
target_alias=''
target_cpu='x86_64'
target_os='linux-gnu'
target_vendor='unknown'

## ----------- ##
## confdefs.h. ##
## ----------- ##

#define PACKAGE_NAME "SU2"
#define PACKAGE_TARNAME "SU2"
#define PACKAGE_VERSION "4.1.0"
#define PACKAGE_STRING "SU2 4.1.0"
#define PACKAGE_BUGREPORT "su2code-dev@lists.stanford.edu"
#define PACKAGE "SU2"
#define VERSION "4.1.0"
#define STDC_HEADERS 1
#define HAVE_SYS_TYPES_H 1
#define HAVE_SYS_STAT_H 1
#define HAVE_STDLIB_H 1
#define HAVE_STRING_H 1
#define HAVE_MEMORY_H 1
#define HAVE_STRINGS_H 1
#define HAVE_INTTYPES_H 1
#define HAVE_STDINT_H 1
#define HAVE_UNISTD_H 1
#define SIZEOF_SHORT_INT 2
#define SIZEOF_INT 4
#define SIZEOF_UNSIGNED_INT 4
#define SIZEOF_LONG_INT 8
#define SIZEOF_FLOAT 4
#define SIZEOF_DOUBLE 8
#define SIZEOF_VOID_P 8
#define SIZEOF_VOID_P 8
#define HAVE_TECPLOT_API 1
#define HAVE_TECPLOT_API_112 1
#define HAVE_METIS 1
#define TLS __thread
#define HAVE_PARMETIS 1

configure: exit 0

## ---------------------- ##
## Running config.status. ##
## ---------------------- ##

This file was extended by SU2 config.status 4.1.0, which was
generated by GNU Autoconf 2.63.  Invocation command line was

  CONFIG_FILES    = 
  CONFIG_HEADERS  = 
  CONFIG_LINKS    = 
  CONFIG_COMMANDS = 
  $ ./config.status SU2_DOT/obj/Makefile depfiles

on zion

config.status:798: creating SU2_DOT/obj/Makefile
config.status:1002: executing depfiles commands

## ---------------------- ##
## Running config.status. ##
## ---------------------- ##

This file was extended by SU2 config.status 4.1.0, which was
generated by GNU Autoconf 2.63.  Invocation command line was

  CONFIG_FILES    = 
  CONFIG_HEADERS  = 
  CONFIG_LINKS    = 
  CONFIG_COMMANDS = 
  $ ./config.status Makefile

on zion

config.status:798: creating Makefile

## ---------------------- ##
## Running config.status. ##
## ---------------------- ##

This file was extended by SU2 config.status 4.1.0, which was
generated by GNU Autoconf 2.63.  Invocation command line was

  CONFIG_FILES    = 
  CONFIG_HEADERS  = 
  CONFIG_LINKS    = 
  CONFIG_COMMANDS = 
  $ ./config.status externals/Makefile

on zion

config.status:798: creating externals/Makefile

## ---------------------- ##
## Running config.status. ##
## ---------------------- ##

This file was extended by SU2 config.status 4.1.0, which was
generated by GNU Autoconf 2.63.  Invocation command line was

  CONFIG_FILES    = 
  CONFIG_HEADERS  = 
  CONFIG_LINKS    = 
  CONFIG_COMMANDS = 
  $ ./config.status externals/tecio/Makefile depfiles

on zion

config.status:798: creating externals/tecio/Makefile
config.status:1002: executing depfiles commands

## ---------------------- ##
## Running config.status. ##
## ---------------------- ##

This file was extended by SU2 config.status 4.1.0, which was
generated by GNU Autoconf 2.63.  Invocation command line was

  CONFIG_FILES    = 
  CONFIG_HEADERS  = 
  CONFIG_LINKS    = 
  CONFIG_COMMANDS = 
  $ ./config.status externals/metis/Makefile depfiles

on zion

config.status:798: creating externals/metis/Makefile
config.status:1002: executing depfiles commands

## ---------------------- ##
## Running config.status. ##
## ---------------------- ##

This file was extended by SU2 config.status 4.1.0, which was
generated by GNU Autoconf 2.63.  Invocation command line was

  CONFIG_FILES    = 
  CONFIG_HEADERS  = 
  CONFIG_LINKS    = 
  CONFIG_COMMANDS = 
  $ ./config.status externals/parmetis/Makefile depfiles

on zion

config.status:798: creating externals/parmetis/Makefile
config.status:1002: executing depfiles commands

## ---------------------- ##
## Running config.status. ##
## ---------------------- ##

This file was extended by SU2 config.status 4.1.0, which was
generated by GNU Autoconf 2.63.  Invocation command line was

  CONFIG_FILES    = 
  CONFIG_HEADERS  = 
  CONFIG_LINKS    = 
  CONFIG_COMMANDS = 
  $ ./config.status Common/lib/Makefile depfiles

on zion

config.status:798: creating Common/lib/Makefile
config.status:1002: executing depfiles commands

## ---------------------- ##
## Running config.status. ##
## ---------------------- ##

This file was extended by SU2 config.status 4.1.0, which was
generated by GNU Autoconf 2.63.  Invocation command line was

  CONFIG_FILES    = 
  CONFIG_HEADERS  = 
  CONFIG_LINKS    = 
  CONFIG_COMMANDS = 
  $ ./config.status SU2_PY/Makefile

on zion

config.status:798: creating SU2_PY/Makefile

## ---------------------- ##
## Running config.status. ##
## ---------------------- ##

This file was extended by SU2 config.status 4.1.0, which was
generated by GNU Autoconf 2.63.  Invocation command line was

  CONFIG_FILES    = 
  CONFIG_HEADERS  = 
  CONFIG_LINKS    = 
  CONFIG_COMMANDS = 
  $ ./config.status SU2_CFD/obj/Makefile depfiles

on zion

config.status:798: creating SU2_CFD/obj/Makefile
config.status:1002: executing depfiles commands

## ---------------------- ##
## Running config.status. ##
## ---------------------- ##

This file was extended by SU2 config.status 4.1.0, which was
generated by GNU Autoconf 2.63.  Invocation command line was

  CONFIG_FILES    = 
  CONFIG_HEADERS  = 
  CONFIG_LINKS    = 
  CONFIG_COMMANDS = 
  $ ./config.status SU2_DOT/obj/Makefile depfiles

on zion

config.status:798: creating SU2_DOT/obj/Makefile
config.status:1002: executing depfiles commands

## ---------------------- ##
## Running config.status. ##
## ---------------------- ##

This file was extended by SU2 config.status 4.1.0, which was
generated by GNU Autoconf 2.63.  Invocation command line was

  CONFIG_FILES    = 
  CONFIG_HEADERS  = 
  CONFIG_LINKS    = 
  CONFIG_COMMANDS = 
  $ ./config.status SU2_MSH/obj/Makefile depfiles

on zion

config.status:798: creating SU2_MSH/obj/Makefile
config.status:1002: executing depfiles commands

## ---------------------- ##
## Running config.status. ##
## ---------------------- ##

This file was extended by SU2 config.status 4.1.0, which was
generated by GNU Autoconf 2.63.  Invocation command line was

  CONFIG_FILES    = 
  CONFIG_HEADERS  = 
  CONFIG_LINKS    = 
  CONFIG_COMMANDS = 
  $ ./config.status SU2_DEF/obj/Makefile depfiles

on zion

config.status:798: creating SU2_DEF/obj/Makefile
config.status:1002: executing depfiles commands

## ---------------------- ##
## Running config.status. ##
## ---------------------- ##

This file was extended by SU2 config.status 4.1.0, which was
generated by GNU Autoconf 2.63.  Invocation command line was

  CONFIG_FILES    = 
  CONFIG_HEADERS  = 
  CONFIG_LINKS    = 
  CONFIG_COMMANDS = 
  $ ./config.status SU2_SOL/obj/Makefile depfiles

on zion

config.status:798: creating SU2_SOL/obj/Makefile
config.status:1002: executing depfiles commands

## ---------------------- ##
## Running config.status. ##
## ---------------------- ##

This file was extended by SU2 config.status 4.1.0, which was
generated by GNU Autoconf 2.63.  Invocation command line was

  CONFIG_FILES    = 
  CONFIG_HEADERS  = 
  CONFIG_LINKS    = 
  CONFIG_COMMANDS = 
  $ ./config.status SU2_GEO/obj/Makefile depfiles

on zion

config.status:798: creating SU2_GEO/obj/Makefile
config.status:1002: executing depfiles commands
